================================================
MLPerf Results Summary
================================================
SUT name : PySUT
Scenario : MultiStream
Mode     : PerformanceOnly
99.0th percentile latency (ns) : 343222368
Result is : VALID
  Min duration satisfied : Yes
  Min queries satisfied : Yes
  Early stopping satisfied: Yes
Early Stopping Result:
 * Processed at least 662 queries (1816).
 * Would discard 7 highest latency queries.
 * Early stopping 99.0th percentile estimate: 344438863

================================================
Additional Stats
================================================
Per-query latency:  
Min latency (ns)                : 313762277
Max latency (ns)                : 1558449526
Mean latency (ns)               : 330598734
50.00 percentile latency (ns)   : 329675748
90.00 percentile latency (ns)   : 338758254
95.00 percentile latency (ns)   : 340980533
97.00 percentile latency (ns)   : 341816253
99.00 percentile latency (ns)   : 343222368
99.90 percentile latency (ns)   : 387808190

================================================
Test Parameters Used
================================================
samples_per_query : 8
target_qps : 2000
target_latency (ns): 0
max_async_queries : 1
min_duration (ms): 600000
max_duration (ms): 660000
min_query_count : 662
max_query_count : 0
qsl_rng_seed : 2465351861681999779
sample_index_rng_seed : 14276810075590677512
schedule_rng_seed : 3936089224930324775
accuracy_log_rng_seed : 0
accuracy_log_probability : 0
accuracy_log_sampling_target : 0
print_timestamps : 0
performance_issue_unique : 0
performance_issue_same : 0
performance_issue_same_index : 0
performance_sample_count : 64
accuracy_sample_count : 1525

No warnings encountered during test.

No errors encountered during test.
Loading official COCO annotations from: /root/MLC/repos/local/cache/download-file_ml-dataset-yolo_d5203e35/yolo-coco2017-filtered-dataset/val2017_safe/annotations/instances_val2017.json
Loaded 1525 images in official COCO order.
Starting MLPerf run
Scenario: MultiStream
Performance run
Log directory: /root/MLC/repos/local/cache/get-mlperf-inference-results-dir_4e561222/valid_results/c508a7704375-reference-gpu-pytorch-v2.5.0a0-cu126/yolo-99/multistream/performance/run_1
MLPerf run complete - cleaning up
cleaning up LoadGen and flushing logs
Checking for logs in /root/MLC/repos/local/cache/get-mlperf-inference-results-dir_4e561222/valid_results/c508a7704375-reference-gpu-pytorch-v2.5.0a0-cu126/yolo-99/multistream/performance/run_1:
 [OK] mlperf_log_summary.txt present (1791 bytes)
 [OK] mlperf_log_detail.txt present (31553 bytes)
