[2026-02-12 22:39:14,825 main.py:237 INFO] Detected system ID: go_spr
[2026-02-12 22:39:14,840 generate_conf_files.py:107 INFO] Generated measurements/ entries for go_spr_TRT/resnet50/SingleStream
[2026-02-12 22:39:14,840 harness.py:357 INFO] Using harness launch command...
[2026-02-12 22:39:14,840 __init__.py:46 INFO] Running command: ./build/bin/harness_default --logfile_outdir="/home/ubuntu/MLC/repos/local/cache/get-mlperf-inference-results-dir_fa9372ba/valid_results/d986d93afc0b-nvidia_original-gpu-tensorrt-vdefault-default_config/resnet50/singlestream/performance/run_1" --logfile_prefix="mlperf_log_" --performance_sample_count=2048 --test_mode="PerformanceOnly" --gpu_copy_streams=1 --gpu_inference_streams=1 --use_deque_limit=true --gpu_batch_size=1 --map_path="data_maps/imagenet/val_map.txt" --mlperf_conf_path="/home/ubuntu/MLC/repos/local/cache/get-git-repo_inference-src_08c59f8e/inference/mlperf.conf" --tensor_path="build/preprocessed_data/imagenet/ResNet50/int8_linear" --use_graphs=true --user_conf_path="/home/ubuntu/MLC/repos/gateoverflow@mlperf-automations/script/generate-mlperf-inference-user-conf/tmp/8f7664bab08a479e9daebe2389823d83.conf" --gpu_engine_batch_size="1" --gpu_engines="./build/engines/go_spr/resnet50/SingleStream/resnet50-SingleStream-gpu-resnet50-b1-int8.lwis_k_99_MaxP.plan" --max_dlas=0 --scenario="SingleStream" --model="resnet50" --scenario SingleStream --model resnet50
[2026-02-12 22:39:14,840 __init__.py:53 INFO] Overriding Environment
benchmark : Benchmark.ResNet50
buffer_manager_thread_count : 0
data_dir : /home/ubuntu/MLC/repos/local/cache/get-mlperf-inference-nvidia-scratch-space_83aa595c/data
disable_beta1_smallk : True
gpu_batch_size : 1
gpu_copy_streams : 1
gpu_inference_streams : 1
input_dtype : int8
input_format : linear
log_dir : /home/ubuntu/MLC/repos/local/cache/get-git-repo_mlperf-inferenc_66404c60/repo/closed/NVIDIA/build/logs/2026.02.12-22.39.12
map_path : data_maps/imagenet/val_map.txt
mlperf_conf_path : /home/ubuntu/MLC/repos/local/cache/get-git-repo_inference-src_08c59f8e/inference/mlperf.conf
precision : int8
preprocessed_data_dir : /home/ubuntu/MLC/repos/local/cache/get-mlperf-inference-nvidia-scratch-space_83aa595c/preprocessed_data
scenario : Scenario.SingleStream
single_stream_expected_latency_ns : 0
system : System(cpu=CPU(name='Intel(R) Xeon(R) w7-2495X', architecture=<CPUArchitecture.x86_64: AliasedName(name='x86_64', aliases=(), patterns=())>, vendor='GenuineIntel', cores_per_group=24, threads_per_core=2, n_groups=1, group_type=<GroupType.Socket: 'socket'>, numa_nodes=[[Interval(start=0, end=47)]], flags={'aes', 'enqcmd', 'pat', 'avx512_vnni', 'avx512ifma', 'mca', 'smep', 'cx16', 'tm', 'avx512vbmi', 'pts', 'tsc_known_freq', 'avx512f', 'avx512_vpopcntdq', 'cqm_occup_llc', 'ibpb', 'avx_vnni', 'movdir64b', 'pge', 'umip', 'arch_capabilities', 'tsc_adjust', 'avx', 'sep', 'arch_perfmon', 'xsavec', 'msr', 'nopl', 'tsc', 'xsaves', 'la57', 'ept_ad', 'vpclmulqdq', 'avx512_bitalg', 'pse36', 'rep_good', 'hwp_act_window', 'arat', 'bmi2', 'xgetbv1', 'wbnoinvd', 'sse4_2', 'ept', 'split_lock_detect', 'cx8', 'ds_cpl', 'mce', 'arch_lbr', 'rdtscp', 'dca', 'mba', 'art', 'tsc_deadline_timer', 'pbe', 'bmi1', 'hwp', 'hwp_epp', 'fsrm', 'amx_bf16', 'pln', 'monitor', 'fpu', 'vme', 'apic', 'f16c', 'clflush', 'stibp', 'cat_l3', 'cdp_l3', 'cqm', 'fxsr', 'invpcid', 'rdpid', 'avx512dq', 'avx512bw', 'ospke', 'ida', 'pku', 'waitpkg', 'fma', 'ssse3', 'pebs', 'syscall', 'avx512_vbmi2', 'dtherm', 'abm', 'mmx', 'cpuid_fault', 'acpi', 'pclmulqdq', 'avx512vl', 'vnmi', 'xtopology', 'constant_tsc', 'flexpriority', 'sse4_1', 'movbe', 'tsxldtrk', 'tm2', 'clflushopt', 'vpid', 'pse', 'pae', 'tpr_shadow', 'cldemote', 'cpuid', 'pconfig', 'epb', 'amx_int8', 'avx2', 'md_clear', 'sse2', 'xtpr', 'xsave', 'intel_pt', 'sse', 'ss', 'adx', 'gfni', 'smx', 'clwb', 'cqm_mbm_total', 'mtrr', 'vaes', 'cqm_mbm_local', 'bus_lock_detect', 'user_shstk', 'ibrs_enhanced', 'avx512cd', 'lahf_lm', 'rdrand', 'sha_ni', 'vmx', 'fsgsbase', 'flush_l1d', 'nonstop_tsc', 'lm', 'cqm_llc', 'popcnt', 'sdbg', 'ibrs', 'erms', '3dnowprefetch', 'dtes64', 'xsaveopt', 'de', 'pni', 'x2apic', 'intel_ppin', 'rdseed', 'aperfmperf', 'serialize', 'rdt_a', 'smap', 'hwp_pkg_req', 'cat_l2', 'pcid', 'nx', 'avx512_bf16', 'pdpe1gb', 'ssbd', 'ibt', 'avx512_fp16', 'movdiri', 'pdcm', 'bts', 'ht', 'dts', 'cdp_l2', 'cmov', 'est', 'amx_tile'}, vulnerabilities={'old microcode': 'Vulnerable', 'spec store bypass': 'Mitigation; Speculative Store Bypass disabled via prctl', 'spectre v1': 'Mitigation; usercopy/swapgs barriers and __user pointer sanitization', 'spectre v2': 'Mitigation; Enhanced / Automatic IBRS; IBPB conditional; PBRSB-eIBRS SW sequence; BHI BHI_DIS_S', 'vmscape': 'Mitigation; IBPB before exit to userspace'}), host_memory=HostMemory(capacity=Memory(quantity=197.333544, byte_suffix=<ByteSuffix.GB: (1000, 3)>, _num_bytes=197333544000)), accelerators={<class 'nvmitten.nvidia.accelerator.GPU'>: [GPU(name='NVIDIA GeForce RTX 4090', pci_id='0x268410DE', compute_sm=ComputeSM(major=8, minor=9), vram=Memory(quantity=23.5164794921875, byte_suffix=<ByteSuffix.GiB: (1024, 3)>, _num_bytes=25250627584), max_power_limit=450.0, is_integrated=False, gpu_index=0), GPU(name='NVIDIA GeForce RTX 4090', pci_id='0x268410DE', compute_sm=ComputeSM(major=8, minor=9), vram=Memory(quantity=23.5135498046875, byte_suffix=<ByteSuffix.GiB: (1024, 3)>, _num_bytes=25247481856), max_power_limit=500.0, is_integrated=False, gpu_index=1)], <class 'nvmitten.nvidia.accelerator.DLA'>: []}, extras={'id': 'go_spr', 'tags': {'custom', 'is_ampere', 'is_ada', 'gpu_based', 'multi_gpu'}, 'name': 'go_spr', 'primary_compute_sm': ComputeSM(major=8, minor=9)})
tensor_path : build/preprocessed_data/imagenet/ResNet50/int8_linear
test_mode : PerformanceOnly
use_deque_limit : True
use_graphs : True
user_conf_path : /home/ubuntu/MLC/repos/gateoverflow@mlperf-automations/script/generate-mlperf-inference-user-conf/tmp/8f7664bab08a479e9daebe2389823d83.conf
system_id : go_spr
config_name : go_spr_resnet50_SingleStream
workload_setting : WorkloadSetting(HarnessType.LWIS, AccuracyTarget.k_99, PowerSetting.MaxP)
optimization_level : plugin-enabled
num_profiles : 1
config_ver : lwis_k_99_MaxP
accuracy_level : 99%
inference_server : lwis
skip_file_checks : False
power_limit : None
cpu_freq : None
gpu_engine_batch_size : 1
&&&& RUNNING Default_Harness # ./build/bin/harness_default
[I] mlperf.conf path: /home/ubuntu/MLC/repos/local/cache/get-git-repo_inference-src_08c59f8e/inference/mlperf.conf
[I] user.conf path: /home/ubuntu/MLC/repos/gateoverflow@mlperf-automations/script/generate-mlperf-inference-user-conf/tmp/8f7664bab08a479e9daebe2389823d83.conf
Creating QSL.
Finished Creating QSL.
Setting up SUT.
[I] [TRT] Loaded engine size: 27 MiB
[I] Device:0.GPU: [0] ./build/engines/go_spr/resnet50/SingleStream/resnet50-SingleStream-gpu-resnet50-b1-int8.lwis_k_99_MaxP.plan has been successfully loaded.
[I] [TRT] Loaded engine size: 27 MiB
[W] [TRT] Using an engine plan file across different models of devices is not recommended and is likely to affect performance or even cause errors.
[I] Device:1.GPU: [0] ./build/engines/go_spr/resnet50/SingleStream/resnet50-SingleStream-gpu-resnet50-b1-int8.lwis_k_99_MaxP.plan has been successfully loaded.
[I] [TRT] [MemUsageChange] TensorRT-managed allocation in IExecutionContext creation: CPU +0, GPU +8, now: CPU 0, GPU 57 (MiB)
[I] [TRT] [MemUsageChange] TensorRT-managed allocation in IExecutionContext creation: CPU +0, GPU +9, now: CPU 0, GPU 66 (MiB)
[I] Start creating CUDA graphs
[I] Capture 1 CUDA graphs
[I] Capture 1 CUDA graphs
[I] Finish creating CUDA graphs
[I] Creating batcher thread: 0 EnableBatcherThreadPerDevice: false
Finished setting up SUT.
Starting warmup. Running for a minimum of 5 seconds.
Finished warmup. Ran for 5.01447s.
Starting running actual test.
================================================
MLPerf Results Summary
================================================
SUT name : LWIS_Server
Scenario : SingleStream
Mode     : PerformanceOnly
90.0th percentile latency (ns) : 303083
Result is : VALID
  Min duration satisfied : Yes
  Min queries satisfied : Yes
  Early stopping satisfied: Yes
Early Stopping Result:
 * Processed at least 64 queries (2004954).
 * Would discard 199506 highest latency queries.
 * Early stopping 90.0th percentile estimate: 303116
 * Early stopping 99.0th percentile estimate: 311670

================================================
Additional Stats
================================================
QPS w/ loadgen overhead         : 3341.59
QPS w/o loadgen overhead        : 3429.28

Min latency (ns)                : 268916
Max latency (ns)                : 759090
Mean latency (ns)               : 291606
50.00 percentile latency (ns)   : 291025
90.00 percentile latency (ns)   : 303083
95.00 percentile latency (ns)   : 305957
97.00 percentile latency (ns)   : 307545
99.00 percentile latency (ns)   : 311617
99.90 percentile latency (ns)   : 320086

================================================
Test Parameters Used
================================================
samples_per_query : 1
target_qps : 25000
target_latency (ns): 0
max_async_queries : 1
min_duration (ms): 600000
max_duration (ms): 660000
min_query_count : 100
max_query_count : 0
qsl_rng_seed : 2465351861681999779
sample_index_rng_seed : 14276810075590677512
schedule_rng_seed : 3936089224930324775
accuracy_log_rng_seed : 0
accuracy_log_probability : 0
accuracy_log_sampling_target : 0
print_timestamps : 0
performance_issue_unique : 0
performance_issue_same : 0
performance_issue_same_index : 0
performance_sample_count : 1024
accuracy_sample_count : 50000

No warnings encountered during test.

No errors encountered during test.
Finished running actual test.
Device Device:0.GPU processed:
  1002475 batches of size 1
  Memcpy Calls: 0
  PerSampleCudaMemcpy Calls: 0
  BatchedCudaMemcpy Calls: 1002475
Device Device:1.GPU processed:
  1002479 batches of size 1
  Memcpy Calls: 0
  PerSampleCudaMemcpy Calls: 0
  BatchedCudaMemcpy Calls: 1002479
&&&& PASSED Default_Harness # ./build/bin/harness_default
[2026-02-12 22:49:36,470 run_harness.py:170 INFO] Result: result_90.00_percentile_latency_ns: 303083, Result is VALID, 10-min runtime requirement met: True
 
======================== Result summaries: ========================

