================================================
MLPerf Results Summary
================================================
SUT name : PySUT
Scenario : SingleStream
Mode     : PerformanceOnly
90.0th percentile latency (ns) : 89880611
Result is : VALID
  Min duration satisfied : Yes
  Min queries satisfied : Yes
  Early stopping satisfied: Yes
Early Stopping Result:
 * Processed at least 64 queries (7324).
 * Would discard 671 highest latency queries.
 * Early stopping 90.0th percentile estimate: 90105803
 * Early stopping 99.0th percentile estimate: 123219575

================================================
Additional Stats
================================================
QPS w/ loadgen overhead         : 12.20
QPS w/o loadgen overhead        : 12.21

Min latency (ns)                : 57816140
Max latency (ns)                : 202806820
Mean latency (ns)               : 81931916
50.00 percentile latency (ns)   : 78375281
90.00 percentile latency (ns)   : 89880611
95.00 percentile latency (ns)   : 98914601
97.00 percentile latency (ns)   : 104557104
99.00 percentile latency (ns)   : 116531572
99.90 percentile latency (ns)   : 136674600

================================================
Test Parameters Used
================================================
samples_per_query : 1
target_qps : 2000
target_latency (ns): 0
max_async_queries : 1
min_duration (ms): 600000
max_duration (ms): 660000
min_query_count : 100
max_query_count : 0
qsl_rng_seed : 2465351861681999779
sample_index_rng_seed : 14276810075590677512
schedule_rng_seed : 3936089224930324775
accuracy_log_rng_seed : 0
accuracy_log_probability : 0
accuracy_log_sampling_target : 0
print_timestamps : 0
performance_issue_unique : 0
performance_issue_same : 0
performance_issue_same_index : 0
performance_sample_count : 64
accuracy_sample_count : 1525

No warnings encountered during test.

No errors encountered during test.
Loading official COCO annotations from: /home/arjun/MLC/repos/local/cache/download-file_ml-dataset-yolo_0f74e5dc/yolo-coco2017-filtered-dataset/val2017_safe/annotations/instances_val2017.json
Loaded 1525 images in official COCO order.
Starting MLPerf run
Scenario: SingleStream
Performance run
Log directory: /home/arjun/MLC/repos/local/cache/get-mlperf-inference-results-dir_3ba3b012/valid_results/intel_spr_i9-reference-cpu-pytorch-v2.3.1-default_config/yolo-95/singlestream/performance/run_1
MLPerf run complete - cleaning up
cleaning up LoadGen and flushing logs
Checking for logs in /home/arjun/MLC/repos/local/cache/get-mlperf-inference-results-dir_3ba3b012/valid_results/intel_spr_i9-reference-cpu-pytorch-v2.3.1-default_config/yolo-95/singlestream/performance/run_1:
 [OK] mlperf_log_summary.txt present (1901 bytes)
 [OK] mlperf_log_detail.txt present (29934 bytes)
